Determining if the pthread_create exist failed with the following output:
Change Dir: /home/austin/workspace/cs480Emery/finalProject/build/CMakeFiles/CMakeTmp

Run Build Command:"/usr/bin/make" "cmTC_86b07/fast"
/usr/bin/make -f CMakeFiles/cmTC_86b07.dir/build.make CMakeFiles/cmTC_86b07.dir/build
make[1]: Entering directory '/home/austin/workspace/cs480Emery/finalProject/build/CMakeFiles/CMakeTmp'
Building C object CMakeFiles/cmTC_86b07.dir/CheckSymbolExists.c.o
/usr/bin/cc     -o CMakeFiles/cmTC_86b07.dir/CheckSymbolExists.c.o   -c /home/austin/workspace/cs480Emery/finalProject/build/CMakeFiles/CMakeTmp/CheckSymbolExists.c
Linking C executable cmTC_86b07
/usr/bin/cmake -E cmake_link_script CMakeFiles/cmTC_86b07.dir/link.txt --verbose=1
/usr/bin/cc       CMakeFiles/cmTC_86b07.dir/CheckSymbolExists.c.o  -o cmTC_86b07 -rdynamic 
CMakeFiles/cmTC_86b07.dir/CheckSymbolExists.c.o: In function `main':
CheckSymbolExists.c:(.text+0x16): undefined reference to `pthread_create'
collect2: error: ld returned 1 exit status
CMakeFiles/cmTC_86b07.dir/build.make:97: recipe for target 'cmTC_86b07' failed
make[1]: *** [cmTC_86b07] Error 1
make[1]: Leaving directory '/home/austin/workspace/cs480Emery/finalProject/build/CMakeFiles/CMakeTmp'
Makefile:126: recipe for target 'cmTC_86b07/fast' failed
make: *** [cmTC_86b07/fast] Error 2

File /home/austin/workspace/cs480Emery/finalProject/build/CMakeFiles/CMakeTmp/CheckSymbolExists.c:
/* */
#include <pthread.h>

int main(int argc, char** argv)
{
  (void)argv;
#ifndef pthread_create
  return ((int*)(&pthread_create))[argc];
#else
  (void)argc;
  return 0;
#endif
}

Determining if the function pthread_create exists in the pthreads failed with the following output:
Change Dir: /home/austin/workspace/cs480Emery/finalProject/build/CMakeFiles/CMakeTmp

Run Build Command:"/usr/bin/make" "cmTC_459e6/fast"
/usr/bin/make -f CMakeFiles/cmTC_459e6.dir/build.make CMakeFiles/cmTC_459e6.dir/build
make[1]: Entering directory '/home/austin/workspace/cs480Emery/finalProject/build/CMakeFiles/CMakeTmp'
Building C object CMakeFiles/cmTC_459e6.dir/CheckFunctionExists.c.o
/usr/bin/cc    -DCHECK_FUNCTION_EXISTS=pthread_create   -o CMakeFiles/cmTC_459e6.dir/CheckFunctionExists.c.o   -c /usr/share/cmake-3.5/Modules/CheckFunctionExists.c
Linking C executable cmTC_459e6
/usr/bin/cmake -E cmake_link_script CMakeFiles/cmTC_459e6.dir/link.txt --verbose=1
/usr/bin/cc   -DCHECK_FUNCTION_EXISTS=pthread_create    CMakeFiles/cmTC_459e6.dir/CheckFunctionExists.c.o  -o cmTC_459e6 -rdynamic -lpthreads 
/usr/bin/ld: cannot find -lpthreads
collect2: error: ld returned 1 exit status
CMakeFiles/cmTC_459e6.dir/build.make:97: recipe for target 'cmTC_459e6' failed
make[1]: *** [cmTC_459e6] Error 1
make[1]: Leaving directory '/home/austin/workspace/cs480Emery/finalProject/build/CMakeFiles/CMakeTmp'
Makefile:126: recipe for target 'cmTC_459e6/fast' failed
make: *** [cmTC_459e6/fast] Error 2


