Determining if the pthread_create exist failed with the following output:
Change Dir: /home/jake/cs480Emery/PA8/build/CMakeFiles/CMakeTmp

Run Build Command:"/usr/bin/make" "cmTC_4f1bc/fast"
/usr/bin/make -f CMakeFiles/cmTC_4f1bc.dir/build.make CMakeFiles/cmTC_4f1bc.dir/build
make[1]: Entering directory '/home/jake/cs480Emery/PA8/build/CMakeFiles/CMakeTmp'
Building C object CMakeFiles/cmTC_4f1bc.dir/CheckSymbolExists.c.o
/usr/bin/cc     -o CMakeFiles/cmTC_4f1bc.dir/CheckSymbolExists.c.o   -c /home/jake/cs480Emery/PA8/build/CMakeFiles/CMakeTmp/CheckSymbolExists.c
Linking C executable cmTC_4f1bc
/usr/bin/cmake -E cmake_link_script CMakeFiles/cmTC_4f1bc.dir/link.txt --verbose=1
/usr/bin/cc       CMakeFiles/cmTC_4f1bc.dir/CheckSymbolExists.c.o  -o cmTC_4f1bc -rdynamic 
CMakeFiles/cmTC_4f1bc.dir/CheckSymbolExists.c.o: In function `main':
CheckSymbolExists.c:(.text+0x16): undefined reference to `pthread_create'
collect2: error: ld returned 1 exit status
CMakeFiles/cmTC_4f1bc.dir/build.make:97: recipe for target 'cmTC_4f1bc' failed
make[1]: *** [cmTC_4f1bc] Error 1
make[1]: Leaving directory '/home/jake/cs480Emery/PA8/build/CMakeFiles/CMakeTmp'
Makefile:126: recipe for target 'cmTC_4f1bc/fast' failed
make: *** [cmTC_4f1bc/fast] Error 2

File /home/jake/cs480Emery/PA8/build/CMakeFiles/CMakeTmp/CheckSymbolExists.c:
/* */
#include <pthread.h>

int main(int argc, char** argv)
{
  (void)argv;
#ifndef pthread_create
  return ((int*)(&pthread_create))[argc];
#else
  (void)argc;
  return 0;
#endif
}

Determining if the function pthread_create exists in the pthreads failed with the following output:
Change Dir: /home/jake/cs480Emery/PA8/build/CMakeFiles/CMakeTmp

Run Build Command:"/usr/bin/make" "cmTC_b900e/fast"
/usr/bin/make -f CMakeFiles/cmTC_b900e.dir/build.make CMakeFiles/cmTC_b900e.dir/build
make[1]: Entering directory '/home/jake/cs480Emery/PA8/build/CMakeFiles/CMakeTmp'
Building C object CMakeFiles/cmTC_b900e.dir/CheckFunctionExists.c.o
/usr/bin/cc    -DCHECK_FUNCTION_EXISTS=pthread_create   -o CMakeFiles/cmTC_b900e.dir/CheckFunctionExists.c.o   -c /usr/share/cmake-3.5/Modules/CheckFunctionExists.c
Linking C executable cmTC_b900e
/usr/bin/cmake -E cmake_link_script CMakeFiles/cmTC_b900e.dir/link.txt --verbose=1
/usr/bin/cc   -DCHECK_FUNCTION_EXISTS=pthread_create    CMakeFiles/cmTC_b900e.dir/CheckFunctionExists.c.o  -o cmTC_b900e -rdynamic -lpthreads 
/usr/bin/ld: cannot find -lpthreads
collect2: error: ld returned 1 exit status
CMakeFiles/cmTC_b900e.dir/build.make:97: recipe for target 'cmTC_b900e' failed
make[1]: *** [cmTC_b900e] Error 1
make[1]: Leaving directory '/home/jake/cs480Emery/PA8/build/CMakeFiles/CMakeTmp'
Makefile:126: recipe for target 'cmTC_b900e/fast' failed
make: *** [cmTC_b900e/fast] Error 2


